%YAML 1.1
%TAG !u! tag:unity3d.com,2011:
--- !u!114 &11400000
MonoBehaviour:
  m_ObjectHideFlags: 0
  m_CorrespondingSourceObject: {fileID: 0}
  m_PrefabInstance: {fileID: 0}
  m_PrefabAsset: {fileID: 0}
  m_GameObject: {fileID: 0}
  m_Enabled: 1
  m_EditorHideFlags: 0
  m_Script: {fileID: 11500000, guid: cf06c2c02bb5cbb46b12f35b41630dff, type: 3}
  m_Name: BlackSunEmpire
  m_EditorClassIdentifier: 
  Song: {fileID: 8300000, guid: 9747a77ad72f52f4db0e1d9e2922d40f, type: 3}
  SongName: 
  bpm: 43.5
  firstBeatOffset: 0
  TotalNotes: -1
  tracks:
  - notes:
    - note: 0.6372749999999999
      type: 0
    - note: 0.7619749999999998
      type: 0
    - note: 1.0120999999999998
      type: 0
    - note: 2.011875
      type: 0
    - note: 2.636825
      type: 0
    - note: 3.2617749999999996
      type: 0
    - note: 3.762025
      type: 0
    - note: 4.012149999999999
      type: 0
    - note: 4.761799999999999
      type: 0
    - note: 5.2620499999999995
      type: 0
    - note: 5.7623
      type: 0
    - note: 6.011699999999999
      type: 0
    - note: 6.762074999999999
      type: 0
    - note: 7.262324999999999
      type: 0
    - note: 8.011975
      type: 0
    - note: 8.636925
      type: 0
    - note: 9.01175
      type: 0
    - note: 9.762125
      type: 0
    - note: 9.886825
      type: 0
    - note: 10.01225
      type: 0
    - note: 10.761899999999999
      type: 0
    - note: 11.012025
      type: 0
    - note: 11.26215
      type: 0
    - note: 11.761674999999999
      type: 0
    - note: 12.011800000000001
      type: 0
    - note: 13.0123
      type: 0
    - note: 15.011849999999999
      type: 0
    - note: 15.762224999999999
      type: 0
    - note: 15.886925
      type: 0
    - note: 16.011625
      type: 0
    - note: 17.012124999999997
      type: 0
    - note: 18.0119
      type: 0
    - note: 18.762275
      type: 0
    - note: 19.449575
      type: 0
    - note: 19.76205
      type: 0
    - note: 20.637124999999997
      type: 0
    - note: 21.262075
      type: 0
    - note: 21.887024999999998
      type: 0
    - note: 22.011725
      type: 0
    - note: 22.7621
      type: 0
    - note: 23.761874999999996
      type: 0
    - note: 24.63695
      type: 0
    - note: 25.011775
      type: 0
    - note: 25.387325
      type: 0
    - note: 25.449675
      type: 0
    - note: 25.512024999999998
      type: 0
    - note: 25.636724999999995
      type: 0
    - note: 26.761924999999994
      type: 0
    - note: 27.01205
      type: 0
    - note: 27.262175
      type: 0
    - note: 28.762199999999996
      type: 0
    - note: 29.761975
      type: 0
    - note: 30.0121
      type: 0
    - note: 30.63705
      type: 0
    - note: 30.76175
      type: 0
    - note: 38.01175
      type: 0
    - note: 40.26215
      type: 0
    - note: 41.011799999999994
      type: 0
    - note: 41.261925
      type: 0
    - note: 41.762175
      type: 0
    - note: 42.012299999999996
      type: 0
    - note: 42.2617
      type: 0
    - note: 42.88665
      type: 0
    - note: 43.26219999999999
      type: 0
    - note: 43.761725
      type: 0
    - note: 44.01185
      type: 0
    - note: 44.137274999999995
      type: 0
    - note: 44.386675
      type: 0
    - note: 44.636799999999994
      type: 0
    - note: 44.762224999999994
      type: 0
    - note: 45.011624999999995
      type: 0
    - note: 45.26175
      type: 0
    - note: 45.387175
      type: 0
    - note: 45.76199999999999
      type: 0
    - note: 46.012125
      type: 0
    - note: 46.199175
      type: 0
    - note: 46.38695
      type: 0
    - note: 46.449299999999994
      type: 0
    - note: 46.511649999999996
      type: 0
    - note: 46.6987
      type: 0
    - note: 46.824124999999995
      type: 0
    - note: 46.886475000000004
      type: 0
    - note: 47.51215
      type: 0
    - note: 47.6992
      type: 0
    - note: 47.823899999999995
      type: 0
    - note: 47.88625
      type: 0
    - note: 47.94859999999999
      type: 0
    - note: 48.387224999999994
      type: 0
    - note: 48.762049999999995
      type: 0
    - note: 48.88675
      type: 0
    - note: 49.01217499999999
      type: 0
    - note: 49.26229999999999
      type: 0
    - note: 49.387
      type: 0
    - note: 49.5117
      type: 0
    - note: 50.01195
      type: 0
    - note: 50.262074999999996
      type: 0
    - note: 50.449124999999995
      type: 0
    - note: 50.762325
      type: 0
    - note: 50.887024999999994
      type: 0
    - note: 51.261849999999995
      type: 0
    - note: 52.012224999999994
      type: 0
    - note: 52.44939999999999
      type: 0
    - note: 52.88729999999999
      type: 0
    - note: 53.262125
      type: 0
    - note: 53.63695
      type: 0
    - note: 53.761649999999996
      type: 0
    - note: 54.01177499999999
      type: 0
    - note: 54.26189999999999
      type: 0
    - note: 54.636725
      type: 0
    - note: 54.76215
      type: 0
    - note: 55.012275
      type: 0
    - note: 55.261675
      type: 0
    - note: 55.511799999999994
      type: 0
    - note: 56.26217499999999
      type: 0
    - note: 56.51229999999999
      type: 0
    - note: 56.637
      type: 0
    - note: 56.7617
      type: 0
    - note: 57.011824999999995
      type: 0
    - note: 57.26195
      type: 0
    - note: 57.449724999999994
      type: 0
    - note: 57.63677499999999
      type: 0
    - note: 57.76219999999999
      type: 0
    - note: 58.637275
      type: 0
    - note: 58.761975
      type: 0
    - note: 59.44927499999999
      type: 0
    - note: 60.512125
      type: 0
    - note: 60.636824999999995
      type: 0
    - note: 61.63732499999999
      type: 0
    - note: 62.262275
      type: 0
    - note: 62.511675
      type: 0
    - note: 62.6371
      type: 0
    - note: 62.761799999999994
      type: 0
    - note: 63.262049999999995
      type: 0
    - note: 63.51217499999999
      type: 0
    - note: 63.76229999999999
      type: 0
    - note: 64.261825
      type: 0
    - note: 64.762075
      type: 0
    - note: 64.88677499999999
      type: 0
    - note: 65.01219999999999
      type: 0
    - note: 65.1369
      type: 0
    - note: 66.01197499999999
      type: 0
    - note: 67.261875
      type: 0
    - note: 67.762125
      type: 0
    - note: 67.886825
      type: 0
    - note: 68.01225
      type: 0
    - note: 68.7619
      type: 0
    - note: 69.13744999999999
      type: 0
    - note: 69.26215
      type: 0
    - note: 69.38685
      type: 0
    - note: 69.63697499999999
      type: 0
    - note: 70.26192499999999
      type: 0
    - note: 70.63675
      type: 0
    - note: 71.137
      type: 0
    - note: 71.19935
      type: 0
    - note: 71.26169999999999
      type: 0
    - note: 71.511825
      type: 0
    - note: 71.69959999999999
      type: 0
    - note: 72.761725
      type: 0
    - note: 73.01185
      type: 0
    - note: 73.386675
      type: 0
    - note: 73.51209999999999
      type: 0
    - note: 74.26175
      type: 0
    - note: 74.762
      type: 0
    - note: 75.012125
      type: 0
    - note: 75.26225
      type: 0
    - note: 75.51164999999999
      type: 0
    - note: 75.637075
      type: 0
    - note: 75.76177499999999
      type: 0
    - note: 76.0119
      type: 0
    - note: 76.51215
      type: 0
    - note: 76.762275
      type: 0
    - note: 77.387225
      type: 0
    - note: 78.51169999999999
      type: 0
    - note: 79.01195
      type: 0
    - note: 79.38677499999999
      type: 0
    - note: 80.011725
      type: 0
    - note: 80.26185
      type: 0
    - note: 81.012225
      type: 0
    - note: 81.38704999999999
      type: 0
    - note: 81.51175
      type: 0
    - note: 81.761875
      type: 0
    - note: 82.51225
      type: 0
    - note: 83.01177499999999
      type: 0
    - note: 83.76215
      type: 0
    - note: 84.261675
      type: 0
    - note: 84.38709999999999
      type: 0
    - note: 85.01204999999999
      type: 0
    - note: 85.26217499999998
      type: 0
    - note: 85.386875
      type: 0
    - note: 86.01182499999999
      type: 0
    - note: 86.512075
      type: 0
    - note: 86.76219999999999
      type: 0
    - note: 87.76197499999999
      type: 0
    - note: 87.886675
      type: 0
    - note: 88.01209999999999
      type: 0
    - note: 88.262225
      type: 0
    - note: 88.38692499999999
      type: 0
    - note: 88.511625
      type: 0
    - note: 89.011875
      type: 0
    - note: 89.76225
      type: 0
    - note: 90.01164999999999
      type: 0
    - note: 90.26177499999999
      type: 0
    - note: 90.38719999999999
      type: 0
    - note: 90.51189999999998
      type: 0
    - note: 91.38697499999999
      type: 0
    - note: 91.511675
      type: 0
    - note: 91.7618
      type: 0
    - note: 92.01192499999999
      type: 0
    - note: 92.38674999999999
      type: 0
    - note: 92.51217499999998
      type: 0
    - note: 93.01169999999999
      type: 0
    - note: 93.26182499999999
      type: 0
    - note: 93.762075
      type: 0
    - note: 94.01219999999999
      type: 0
    - note: 94.387025
      type: 0
    - note: 94.76184999999998
      type: 0
    - note: 95.01197499999998
      type: 0
    - note: 95.761625
      type: 0
    - note: 96.01174999999999
      type: 0
    - note: 96.261875
      type: 0
    - note: 96.3873
      type: 0
    - note: 96.63669999999999
      type: 0
    - note: 96.762125
      type: 0
    - note: 96.88682499999999
      type: 0
    - note: 97.63719999999999
      type: 0
    - note: 97.88732499999999
      type: 0
    - note: 98.51227499999999
      type: 0
    - note: 98.63697499999998
      type: 0
    - note: 98.88709999999999
      type: 0
    - note: 99.01180000000001
      type: 0
    - note: 99.762175
      type: 0
    - note: 99.886875
      type: 0
    - note: 100.0123
      type: 0
    - note: 100.51182499999999
      type: 0
    - note: 100.76195
      type: 0
    - note: 101.012075
      type: 0
    - note: 101.637025
      type: 0
    - note: 101.76172499999998
      type: 0
    - note: 102.26197499999998
      type: 0
    - note: 102.386675
      type: 0
    - note: 102.51209999999999
      type: 0
    - note: 103.387175
      type: 0
    - note: 103.762
      type: 0
    - note: 103.88669999999999
      type: 0
    - note: 104.26225
      type: 0
    - note: 104.76177499999999
      type: 0
    - note: 104.88719999999999
      type: 0
    - note: 105.01189999999998
      type: 0
    - note: 105.262025
      type: 0
    - note: 105.88697499999998
      type: 0
    - note: 106.011675
      type: 0
    - note: 106.387225
      type: 0
    - note: 106.511925
      type: 0
    - note: 106.76205
      type: 0
    - note: 106.88674999999999
      type: 0
    - note: 107.2623
      type: 0
    - note: 107.76182499999999
      type: 0
    - note: 107.88725
      type: 0
    - note: 108.01195
      type: 0
    - note: 108.51219999999999
      type: 0
    - note: 108.76232499999999
      type: 0
    - note: 109.26184999999998
      type: 0
    - note: 109.636675
      type: 0
    - note: 109.76209999999999
      type: 0
    - note: 110.012225
      type: 0
    - note: 110.44939999999998
      type: 0
    - note: 110.51174999999999
      type: 0
    - note: 110.637175
      type: 0
    - note: 110.761875
      type: 0
    - note: 120.01214999999999
      type: 0
    - note: 126.01225
      type: 0
    - note: 128.261925
      type: 0
    - note: 128.51205
      type: 0
    - note: 129.137725
      type: 0
    - note: 129.262425
      type: 0
    - note: 129.63725
      type: 0
    - note: 129.76194999999998
      type: 0
    - note: 130.51232499999998
      type: 0
    - note: 130.63774999999998
      type: 0
    - note: 130.76172499999998
      type: 0
    - note: 131.01184999999998
      type: 0
    - note: 131.137275
      type: 0
    - note: 131.26197499999998
      type: 0
    - note: 131.51209999999998
      type: 0
    - note: 131.63752499999998
      type: 0
    - note: 132.13705
      type: 0
    - note: 132.26175
      type: 0
    - note: 133.012125
      type: 0
    - note: 133.13755
      type: 0
    - note: 134.51215
      type: 0
    - note: 135.2618
      type: 0
    - note: 136.136875
      type: 0
    - note: 136.2623
      type: 0
    - note: 136.5117
      type: 0
    - note: 137.01194999999998
      type: 0
    - note: 137.26207499999998
      type: 0
    - note: 137.6369
      type: 0
    - note: 137.76232499999998
      type: 0
    - note: 138.26184999999998
      type: 0
    - note: 138.76209999999998
      type: 0
    - note: 139.136925
      type: 0
    - note: 139.261625
      type: 0
    - note: 139.51175
      type: 0
    - note: 140.012
      type: 0
    - note: 140.1367
      type: 0
    - note: 140.262125
      type: 0
    - note: 140.51225
      type: 0
    - note: 140.63694999999998
      type: 0
    - note: 141.512025
      type: 0
    - note: 141.63672499999998
      type: 0
    - note: 142.012275
      type: 0
    - note: 142.261675
      type: 0
    - note: 142.7612
      type: 0
    - note: 143.01205
      type: 0
    - note: 143.26217499999998
      type: 0
    - note: 143.51229999999998
      type: 0
    - note: 143.57465
      type: 0
    - note: 143.69934999999998
      type: 0
    - note: 143.7617
      type: 0
    - note: 143.82404999999997
      type: 0
    - note: 143.88639999999998
      type: 0
    - note: 144.26194999999998
      type: 0
    - note: 144.449725
      type: 0
    - note: 144.8869
      type: 0
    - note: 145.26172499999998
      type: 0
    - note: 145.38715
      type: 0
    - note: 145.4495
      type: 0
    - note: 146.262225
      type: 0
    - note: 146.449275
      type: 0
    - note: 146.511625
      type: 0
    - note: 146.88717499999998
      type: 0
    - note: 147.262
      type: 0
    - note: 147.3867
      type: 0
    - note: 147.636825
      type: 0
    - note: 148.01164999999997
      type: 0
    - note: 148.44955
      type: 0
    - note: 148.88672499999998
      type: 0
    - note: 149.01215
      type: 0
    - note: 149.511675
      type: 0
    - note: 149.63709999999998
      type: 0
    - note: 150.51217499999998
      type: 0
    - note: 150.636875
      type: 0
    - note: 151.0117
      type: 0
    - note: 151.63664999999997
      type: 0
    - note: 152.449375
      type: 0
    - note: 152.63715
      type: 0
    - note: 153.26209999999998
      type: 0
    - note: 153.761625
      type: 0
    - note: 154.261875
      type: 0
    - note: 154.6367
      type: 0
    - note: 154.762125
      type: 0
    - note: 154.886825
      type: 0
    - note: 155.26164999999997
      type: 0
    - note: 155.449425
      type: 0
    - note: 156.4492
      type: 0
    - note: 156.512275
      type: 0
    - note: 156.761675
      type: 0
    - note: 156.88709999999998
      type: 0
    - note: 157.261925
      type: 0
    - note: 157.386625
      type: 0
    - note: 157.63675
      type: 0
    - note: 158.01229999999998
      type: 0
    - note: 158.511825
      type: 0
    - note: 158.76194999999998
      type: 0
    - note: 158.88664999999997
      type: 0
    - note: 159.26219999999998
      type: 0
    - note: 159.76172499999998
      type: 0
    - note: 160.01184999999998
      type: 0
    - note: 161.26175
      type: 0
    - note: 161.38717499999998
      type: 0
    - note: 161.511875
      type: 0
    - note: 163.0119
      type: 0
    - note: 163.13732499999998
      type: 0
    - note: 163.262025
      type: 0
    - note: 163.51215
      type: 0
    - note: 163.88697499999998
      type: 0
    - note: 164.76205
      type: 0
    - note: 165.26229999999998
      type: 0
    - note: 165.387
      type: 0
    - note: 165.5117
      type: 0
    - note: 166.01194999999998
      type: 0
    - note: 166.26207499999998
      type: 0
    - note: 166.51219999999998
      type: 0
    - note: 166.6369
      type: 0
    - note: 166.887025
      type: 0
    - note: 167.01172499999998
      type: 0
    - note: 167.13715
      type: 0
    - note: 167.1995
      type: 0
    - note: 167.449625
      type: 0
    - note: 167.51197499999998
      type: 0
    - note: 167.76209999999998
      type: 0
    - note: 168.88729999999998
      type: 0
    - note: 169.012
      type: 0
    - note: 169.262125
      type: 0
    - note: 169.386825
      type: 0
    - note: 169.76164999999997
      type: 0
    - note: 170.2619
      type: 0
    - note: 170.512025
      type: 0
    - note: 170.88684999999998
      type: 0
    - note: 171.012275
      type: 0
    - note: 171.261675
      type: 0
    - note: 171.38709999999998
      type: 0
    - note: 171.5118
      type: 0
    - note: 172.7617
      type: 0
    - note: 173.011825
      type: 0
    - note: 173.38664999999997
      type: 0
    - note: 173.51207499999998
      type: 0
    - note: 174.26172499999998
      type: 0
    - note: 174.76197499999998
      type: 0
    - note: 175.01209999999998
      type: 0
    - note: 175.386925
      type: 0
    - note: 175.76175
      type: 0
    - note: 176.3867
      type: 0
    - note: 176.76225
      type: 0
    - note: 177.01164999999997
      type: 0
    - note: 177.5119
      type: 0
    - note: 177.762025
      type: 0
    - note: 178.511675
      type: 0
    - note: 179.011925
      type: 0
    - note: 179.26205
      type: 0
    - note: 179.76229999999998
      type: 0
    - note: 180.261825
      type: 0
    - note: 180.38725
      type: 0
    - note: 180.51194999999998
      type: 0
    - note: 181.01219999999998
      type: 0
    - note: 181.387025
      type: 0
    - note: 181.51172499999998
      type: 0
    - note: 182.01197499999998
      type: 0
    - note: 182.26209999999998
      type: 0
    - note: 182.44914999999997
      type: 0
    - note: 184.01225
      type: 0
    - note: 184.26164999999997
      type: 0
    - note: 184.51177499999997
      type: 0
    - note: 184.7619
      type: 0
    - note: 185.26215
      type: 0
    - note: 185.761675
      type: 0
    - note: 186.01179999999997
      type: 0
    - note: 186.38662499999998
      type: 0
    - note: 186.51205
      type: 0
    - note: 187.01229999999998
      type: 0
    - note: 187.26169999999996
      type: 0
    - note: 187.38712499999997
      type: 0
    - note: 189.01185
      type: 0
    - note: 189.26197499999998
      type: 0
    - note: 189.386675
      type: 0
    - note: 189.5121
      type: 0
    - note: 190.01162499999998
      type: 0
    - note: 190.51187499999997
      type: 0
    - note: 192.01189999999997
      type: 0
    - note: 192.262025
      type: 0
    - note: 192.63685
      type: 0
    - note: 192.762275
      type: 0
    - note: 192.88697499999998
      type: 0
    - note: 193.011675
      type: 0
    - note: 193.26179999999997
      type: 0
    - note: 193.511925
      type: 0
    - note: 193.63662499999998
      type: 0
    - note: 193.88674999999998
      type: 0
    - note: 194.387
      type: 0
    - note: 194.51169999999996
      type: 0
    - note: 194.761825
      type: 0
    - note: 194.88725
      type: 0
    - note: 195.01195
      type: 0
    - note: 195.76232499999998
      type: 0
    - note: 196.26185
      type: 0
    - note: 196.51197499999998
      type: 0
    - note: 196.7621
      type: 0
    - note: 197.01222499999997
      type: 0
    - note: 197.26162499999998
      type: 0
    - note: 197.63717499999998
      type: 0
    - note: 197.76187499999997
      type: 0
    - note: 198.26212499999997
      type: 0
    - note: 198.386825
      type: 0
    - note: 198.449175
      type: 0
    - note: 198.511525
      type: 0
    - note: 199.011775
      type: 0
    - note: 199.76215
      type: 0
    - note: 199.88685
      type: 0
    - note: 200.51179999999997
      type: 0
    - note: 201.38687499999997
      type: 0
    - note: 201.51229999999998
      type: 0
    - note: 201.88712499999997
      type: 0
    - note: 202.7622
      type: 0
    - note: 203.01232499999998
      type: 0
    - note: 203.637275
      type: 0
    - note: 203.76197499999998
      type: 0
    - note: 204.63704999999996
      type: 0
    - note: 204.76174999999998
      type: 0
    - note: 204.88717499999998
      type: 0
    - note: 205.51212499999997
      type: 0
    - note: 205.636825
      type: 0
    - note: 205.88695
      type: 0
    - note: 206.261775
      type: 0
    - note: 206.51189999999997
      type: 0
    - note: 206.63732499999998
      type: 0
    - note: 206.762025
      type: 0
    - note: 206.88672499999998
      type: 0
    - note: 208.011925
      type: 0
    - note: 208.26204999999996
      type: 0
    - note: 208.76229999999998
      type: 0
    - note: 209.63664999999997
      type: 0
    - note: 209.76207499999998
      type: 0
    - note: 209.886775
      type: 0
    - note: 210.0122
      type: 0
    - note: 210.26232499999998
      type: 0
    - note: 210.63715
      type: 0
    - note: 210.76185
      type: 0
    - note: 211.01197499999998
      type: 0
    - note: 211.2621
      type: 0
    - note: 211.88704999999996
      type: 0
    - note: 212.512
      type: 0
    - note: 212.886825
      type: 0
    - note: 213.01225
      type: 0
    - note: 213.26164999999997
      type: 0
    - note: 213.511775
      type: 0
    - note: 213.76189999999997
      type: 0
    - note: 213.88732499999998
      type: 0
    - note: 214.012025
      type: 0
    - note: 214.26215
      type: 0
    - note: 214.44919999999996
      type: 0
    - note: 214.63697499999998
      type: 0
    - note: 214.761675
      type: 0
    - note: 215.88687499999997
      type: 0
    - note: 216.01229999999998
      type: 0
    - note: 216.26169999999996
      type: 0
    - note: 216.63725
      type: 0
    - note: 217.2622
      type: 0
    - note: 217.51232499999998
      type: 0
    - note: 217.637025
      type: 0
    - note: 217.76172499999998
      type: 0
    - note: 218.01185
      type: 0
    - note: 218.26197499999998
      type: 0
    - note: 218.5121
      type: 0
    - note: 218.63679999999997
      type: 0
    - note: 218.76222499999997
      type: 0
    - note: 219.26174999999998
      type: 0
    - note: 219.63729999999998
      type: 0
    - note: 219.762
      type: 0
    - note: 220.26225
      type: 0
    - note: 220.38695
      type: 0
    - note: 220.51164999999997
      type: 0
    - note: 220.761775
      type: 0
    - note: 220.8872
      type: 0
    - note: 221.01189999999997
      type: 0
    - note: 221.262025
      type: 0
    - note: 221.88697499999998
      type: 0
    - note: 222.011675
      type: 0
    - note: 222.26179999999997
      type: 0
    - note: 222.44957499999998
      type: 0
    - note: 222.63662499999998
      type: 0
    - note: 223.26229999999998
      type: 0
    - note: 223.387
      type: 0
    - note: 223.51169999999996
      type: 0
    - note: 224.01195
      type: 0
    - note: 224.76232499999998
      type: 0
    - note: 225.13715
      type: 0
    - note: 225.26185
      type: 0
    - note: 225.51197499999998
      type: 0
    - note: 226.01222499999997
      type: 0
    - note: 227.13669999999996
      type: 0
    - note: 227.26212499999997
      type: 0
    - note: 227.76164999999997
      type: 0
    - note: 229.261675
      type: 0
    - note: 229.51179999999997
      type: 0
    - note: 230.01204999999996
      type: 0
    - note: 230.44922499999998
      type: 0
    - note: 230.76169999999996
      type: 0
    - note: 231.011825
      type: 0
    - note: 232.01232499999998
      type: 0
    - note: 233.51162499999998
      type: 0
    - note: 233.88717499999998
      type: 0
    - note: 234.76225
      type: 0
    - note: 235.13707499999998
      type: 0
    - note: 235.261775
      type: 0
    - note: 235.63732499999998
      type: 0
    - note: 236.01215
      type: 0
    - note: 236.76179999999997
      type: 0
    - note: 237.13662499999998
      type: 0
    - note: 237.887
      type: 0
    - note: 238.01169999999996
      type: 0
    - note: 238.4496
      type: 0
    - note: 238.63664999999997
      type: 0
    - note: 238.76207499999998
      type: 0
    - note: 239.387025
      type: 0
    - note: 239.76185
      type: 0
    - note: 240.074325
      type: 0
  - notes:
    - note: 0.012325000000000001
      type: 0
    - note: 1.262225
      type: 0
    - note: 1.76175
      type: 0
    - note: 2.76225
      type: 0
    - note: 3.01165
      type: 0
    - note: 3.8867249999999998
      type: 0
    - note: 4.637099999999999
      type: 0
    - note: 5.011925
      type: 0
    - note: 5.449825
      type: 0
    - note: 5.636875
      type: 0
    - note: 6.6366499999999995
      type: 0
    - note: 7.0122
      type: 0
    - note: 7.761849999999999
      type: 0
    - note: 8.761625
      type: 0
    - note: 9.261875
      type: 0
    - note: 10.6372
      type: 0
    - note: 11.8871
      type: 0
    - note: 12.63675
      type: 0
    - note: 12.762175000000001
      type: 0
    - note: 13.387125
      type: 0
    - note: 13.449474999999998
      type: 0
    - note: 13.761949999999999
      type: 0
    - note: 14.012075000000001
      type: 0
    - note: 14.637025
      type: 0
    - note: 14.761725
      type: 0
    - note: 15.261974999999998
      type: 0
    - note: 16.6373
      type: 0
    - note: 16.762
      type: 0
    - note: 17.262249999999998
      type: 0
    - note: 17.761774999999997
      type: 0
    - note: 18.63685
      type: 0
    - note: 19.011674999999997
      type: 0
    - note: 20.012175
      type: 0
    - note: 20.761824999999998
      type: 0
    - note: 21.01195
      type: 0
    - note: 21.449125
      type: 0
    - note: 21.6369
      type: 0
    - note: 21.762324999999997
      type: 0
    - note: 22.636674999999997
      type: 0
    - note: 23.012224999999997
      type: 0
    - note: 23.4494
      type: 0
    - note: 24.011999999999997
      type: 0
    - note: 24.76165
      type: 0
    - note: 25.76215
      type: 0
    - note: 25.88685
      type: 0
    - note: 26.012274999999995
      type: 0
    - note: 26.637224999999997
      type: 0
    - note: 27.761699999999998
      type: 0
    - note: 27.887125
      type: 0
    - note: 28.011824999999998
      type: 0
    - note: 28.636775
      type: 0
    - note: 29.012325
      type: 0
    - note: 29.38715
      type: 0
    - note: 29.449499999999997
      type: 0
    - note: 31.011874999999996
      type: 0
    - note: 31.074224999999995
      type: 0
    - note: 32.01165
      type: 0
    - note: 36.01219999999999
      type: 0
    - note: 40.012024999999994
      type: 0
    - note: 40.512274999999995
      type: 0
    - note: 40.761675
      type: 0
    - note: 41.51205
      type: 0
    - note: 42.511824999999995
      type: 0
    - note: 42.76195
      type: 0
    - note: 43.012074999999996
      type: 0
    - note: 43.512325
      type: 0
    - note: 43.637024999999994
      type: 0
    - note: 43.88715
      type: 0
    - note: 44.261975
      type: 0
    - note: 44.5121
      type: 0
    - note: 44.886925
      type: 0
    - note: 45.13705
      type: 0
    - note: 45.511874999999996
      type: 0
    - note: 45.637299999999996
      type: 0
    - note: 45.8867
      type: 0
    - note: 46.074475
      type: 0
    - note: 46.136824999999995
      type: 0
    - note: 46.26152499999999
      type: 0
    - note: 46.3246
      type: 0
    - note: 46.57399999999999
      type: 0
    - note: 46.63634999999999
      type: 0
    - note: 46.76105
      type: 0
    - note: 46.948825
      type: 0
    - note: 47.01189999999999
      type: 0
    - note: 47.5745
      type: 0
    - note: 47.76155
      type: 0
    - note: 48.011675
      type: 0
    - note: 48.261799999999994
      type: 0
    - note: 48.51192499999999
      type: 0
    - note: 49.449349999999995
      type: 0
    - note: 49.761824999999995
      type: 0
    - note: 50.51219999999999
      type: 0
    - note: 51.011725
      type: 0
    - note: 51.387275
      type: 0
    - note: 51.449625
      type: 0
    - note: 51.511975
      type: 0
    - note: 51.636675
      type: 0
    - note: 51.7621
      type: 0
    - note: 52.261624999999995
      type: 0
    - note: 52.51175
      type: 0
    - note: 52.63717499999999
      type: 0
    - note: 52.761875
      type: 0
    - note: 53.012
      type: 0
    - note: 53.1367
      type: 0
    - note: 53.449175
      type: 0
    - note: 53.512249999999995
      type: 0
    - note: 54.512024999999994
      type: 0
    - note: 54.886849999999995
      type: 0
    - note: 55.637224999999994
      type: 0
    - note: 55.76192499999999
      type: 0
    - note: 56.012049999999995
      type: 0
    - note: 56.449225
      type: 0
    - note: 57.386649999999996
      type: 0
    - note: 57.512074999999996
      type: 0
    - note: 58.01232499999999
      type: 0
    - note: 58.261725
      type: 0
    - note: 58.4495
      type: 0
    - note: 58.511849999999995
      type: 0
    - note: 58.886675
      type: 0
    - note: 59.0121
      type: 0
    - note: 59.262224999999994
      type: 0
    - note: 59.51162499999999
      type: 0
    - note: 59.637049999999995
      type: 0
    - note: 59.76175
      type: 0
    - note: 60.011875
      type: 0
    - note: 60.262
      type: 0
    - note: 60.449775
      type: 0
    - note: 60.762249999999995
      type: 0
    - note: 60.88695
      type: 0
    - note: 61.011649999999996
      type: 0
    - note: 61.26177499999999
      type: 0
    - note: 61.38719999999999
      type: 0
    - note: 61.449549999999995
      type: 0
    - note: 61.51189999999999
      type: 0
    - note: 61.762024999999994
      type: 0
    - note: 62.01215
      type: 0
    - note: 62.887224999999994
      type: 0
    - note: 63.01192499999999
      type: 0
    - note: 63.636875
      type: 0
    - note: 63.887
      type: 0
    - note: 64.01169999999999
      type: 0
    - note: 64.51195
      type: 0
    - note: 65.26232499999999
      type: 0
    - note: 65.511725
      type: 0
    - note: 65.76185
      type: 0
    - note: 66.26209999999999
      type: 0
    - note: 66.512225
      type: 0
    - note: 66.761625
      type: 0
    - note: 67.01175
      type: 0
    - note: 67.3873
      type: 0
    - note: 67.512
      type: 0
    - note: 68.26164999999999
      type: 0
    - note: 68.51177499999999
      type: 0
    - note: 69.012025
      type: 0
    - note: 69.512275
      type: 0
    - note: 69.761675
      type: 0
    - note: 70.0118
      type: 0
    - note: 70.51204999999999
      type: 0
    - note: 70.76217499999998
      type: 0
    - note: 70.886875
      type: 0
    - note: 71.0123
      type: 0
    - note: 71.387125
      type: 0
    - note: 71.44947499999999
      type: 0
    - note: 71.63725
      type: 0
    - note: 71.76195
      type: 0
    - note: 72.012075
      type: 0
    - note: 72.26219999999999
      type: 0
    - note: 72.51232499999999
      type: 0
    - note: 73.137275
      type: 0
    - note: 73.26197499999999
      type: 0
    - note: 73.762225
      type: 0
    - note: 74.011625
      type: 0
    - note: 74.511875
      type: 0
    - note: 75.38695
      type: 0
    - note: 75.88719999999999
      type: 0
    - note: 76.262025
      type: 0
    - note: 76.88697499999999
      type: 0
    - note: 77.011675
      type: 0
    - note: 77.2618
      type: 0
    - note: 77.51192499999999
      type: 0
    - note: 77.76204999999999
      type: 0
    - note: 78.01217499999998
      type: 0
    - note: 78.2623
      type: 0
    - note: 78.637125
      type: 0
    - note: 78.761825
      type: 0
    - note: 79.76232499999999
      type: 0
    - note: 79.887025
      type: 0
    - note: 80.387275
      type: 0
    - note: 80.51197499999999
      type: 0
    - note: 80.76209999999999
      type: 0
    - note: 81.261625
      type: 0
    - note: 82.012
      type: 0
    - note: 82.262125
      type: 0
    - note: 82.386825
      type: 0
    - note: 82.76164999999999
      type: 0
    - note: 83.2619
      type: 0
    - note: 83.38732499999999
      type: 0
    - note: 83.512025
      type: 0
    - note: 84.012275
      type: 0
    - note: 84.5118
      type: 0
    - note: 84.76192499999999
      type: 0
    - note: 85.5123
      type: 0
    - note: 85.76169999999999
      type: 0
    - note: 86.26195
      type: 0
    - note: 86.38664999999999
      type: 0
    - note: 86.449725
      type: 0
    - note: 87.01232499999999
      type: 0
    - note: 87.38715
      type: 0
    - note: 88.76174999999999
      type: 0
    - note: 89.262
      type: 0
    - note: 89.38669999999999
      type: 0
    - note: 89.512125
      type: 0
    - note: 90.762025
      type: 0
    - note: 91.01214999999999
      type: 0
    - note: 91.262275
      type: 0
    - note: 92.26204999999999
      type: 0
    - note: 92.76229999999998
      type: 0
    - note: 93.38725
      type: 0
    - note: 93.51195
      type: 0
    - note: 94.26232499999999
      type: 0
    - note: 94.51172499999998
      type: 0
    - note: 96.512
      type: 0
    - note: 97.01225
      type: 0
    - note: 97.26164999999999
      type: 0
    - note: 97.387075
      type: 0
    - note: 97.51177499999999
      type: 0
    - note: 97.76189999999998
      type: 0
    - note: 98.012025
      type: 0
    - note: 98.26214999999999
      type: 0
    - note: 98.38684999999998
      type: 0
    - note: 98.761675
      type: 0
    - note: 99.261925
      type: 0
    - note: 99.386625
      type: 0
    - note: 99.51205
      type: 0
    - note: 99.63674999999999
      type: 0
    - note: 100.26169999999999
      type: 0
    - note: 100.63725
      type: 0
    - note: 100.88664999999999
      type: 0
    - note: 101.26219999999999
      type: 0
    - note: 101.51232499999999
      type: 0
    - note: 101.88714999999999
      type: 0
    - note: 102.01184999999998
      type: 0
    - note: 102.44975
      type: 0
    - note: 102.63680000000001
      type: 0
    - note: 102.762225
      type: 0
    - note: 102.886925
      type: 0
    - note: 103.011625
      type: 0
    - note: 104.012125
      type: 0
    - note: 104.38695
      type: 0
    - note: 104.51164999999999
      type: 0
    - note: 104.637075
      type: 0
    - note: 105.38672499999998
      type: 0
    - note: 105.51214999999999
      type: 0
    - note: 105.63684999999998
      type: 0
    - note: 105.76227499999999
      type: 0
    - note: 106.26180000000001
      type: 0
    - note: 106.636625
      type: 0
    - note: 107.012175
      type: 0
    - note: 107.387
      type: 0
    - note: 107.51169999999999
      type: 0
    - note: 107.637125
      type: 0
    - note: 108.262075
      type: 0
    - note: 108.63689999999998
      type: 0
    - note: 108.887025
      type: 0
    - note: 109.01172499999998
      type: 0
    - note: 109.51197499999998
      type: 0
    - note: 109.88680000000001
      type: 0
    - note: 110.261625
      type: 0
    - note: 111.012
      type: 0
    - note: 112.01177499999999
      type: 0
    - note: 128.0118
      type: 0
    - note: 128.137225
      type: 0
    - note: 128.637475
      type: 0
    - note: 128.76217499999998
      type: 0
    - note: 129.0123
      type: 0
    - note: 129.511825
      type: 0
    - note: 130.01207499999998
      type: 0
    - note: 130.1375
      type: 0
    - note: 130.26219999999998
      type: 0
    - note: 131.762225
      type: 0
    - note: 132.011625
      type: 0
    - note: 132.511875
      type: 0
    - note: 132.6373
      type: 0
    - note: 132.762
      type: 0
    - note: 133.26225
      type: 0
    - note: 133.512375
      type: 0
    - note: 133.6378
      type: 0
    - note: 133.7625
      type: 0
    - note: 134.0119
      type: 0
    - note: 134.13732499999998
      type: 0
    - note: 134.262025
      type: 0
    - note: 134.637575
      type: 0
    - note: 134.762275
      type: 0
    - note: 135.011675
      type: 0
    - note: 135.13709999999998
      type: 0
    - note: 135.511925
      type: 0
    - note: 135.63735
      type: 0
    - note: 135.76205
      type: 0
    - note: 136.01217499999998
      type: 0
    - note: 136.63639999999998
      type: 0
    - note: 136.761825
      type: 0
    - note: 137.13664999999997
      type: 0
    - note: 137.51219999999998
      type: 0
    - note: 138.01172499999998
      type: 0
    - note: 138.13715
      type: 0
    - note: 138.51197499999998
      type: 0
    - note: 138.63739999999999
      type: 0
    - note: 139.01149999999998
      type: 0
    - note: 139.63717499999998
      type: 0
    - note: 139.761875
      type: 0
    - note: 140.762375
      type: 0
    - note: 141.011775
      type: 0
    - note: 141.136475
      type: 0
    - note: 141.2619
      type: 0
    - note: 141.76215
      type: 0
    - note: 142.13697499999998
      type: 0
    - note: 142.5118
      type: 0
    - note: 142.63649999999998
      type: 0
    - note: 143.13675
      type: 0
    - note: 143.386875
      type: 0
    - note: 143.94875
      type: 0
    - note: 144.011825
      type: 0
    - note: 144.51207499999998
      type: 0
    - note: 144.636775
      type: 0
    - note: 144.76219999999998
      type: 0
    - note: 145.01232499999998
      type: 0
    - note: 145.51184999999998
      type: 0
    - note: 145.637275
      type: 0
    - note: 145.76197499999998
      type: 0
    - note: 146.01209999999998
      type: 0
    - note: 146.63705
      type: 0
    - note: 146.76175
      type: 0
    - note: 147.011875
      type: 0
    - note: 147.449775
      type: 0
    - note: 147.512125
      type: 0
    - note: 147.76225
      type: 0
    - note: 148.261775
      type: 0
    - note: 148.5119
      type: 0
    - note: 148.762025
      type: 0
    - note: 149.262275
      type: 0
    - note: 149.449325
      type: 0
    - note: 149.7618
      type: 0
    - note: 149.887225
      type: 0
    - note: 150.011925
      type: 0
    - note: 150.26205
      type: 0
    - note: 150.76229999999998
      type: 0
    - note: 150.887
      type: 0
    - note: 151.261825
      type: 0
    - note: 151.51194999999998
      type: 0
    - note: 151.76207499999998
      type: 0
    - note: 152.01219999999998
      type: 0
    - note: 152.26232499999998
      type: 0
    - note: 152.51172499999998
      type: 0
    - note: 152.76184999999998
      type: 0
    - note: 152.887275
      type: 0
    - note: 153.01197499999998
      type: 0
    - note: 153.3868
      type: 0
    - note: 153.44914999999997
      type: 0
    - note: 153.512225
      type: 0
    - note: 153.636925
      type: 0
    - note: 154.01175
      type: 0
    - note: 154.44965
      type: 0
    - note: 154.512
      type: 0
    - note: 155.01225
      type: 0
    - note: 155.511775
      type: 0
    - note: 155.63719999999998
      type: 0
    - note: 155.7619
      type: 0
    - note: 156.012025
      type: 0
    - note: 156.26215
      type: 0
    - note: 156.63697499999998
      type: 0
    - note: 157.0118
      type: 0
    - note: 157.44969999999998
      type: 0
    - note: 157.51205
      type: 0
    - note: 157.76217499999998
      type: 0
    - note: 158.2617
      type: 0
    - note: 158.63725
      type: 0
    - note: 159.01207499999998
      type: 0
    - note: 159.51232499999998
      type: 0
    - note: 159.637025
      type: 0
    - note: 159.88715
      type: 0
    - note: 160.26197499999998
      type: 0
    - note: 160.51209999999998
      type: 0
    - note: 160.762225
      type: 0
    - note: 161.01162499999998
      type: 0
    - note: 161.63729999999998
      type: 0
    - note: 161.762
      type: 0
    - note: 162.012125
      type: 0
    - note: 162.26225
      type: 0
    - note: 162.51164999999997
      type: 0
    - note: 162.76177499999997
      type: 0
    - note: 163.38672499999998
      type: 0
    - note: 163.762275
      type: 0
    - note: 164.011675
      type: 0
    - note: 164.2618
      type: 0
    - note: 164.511925
      type: 0
    - note: 165.01217499999998
      type: 0
    - note: 165.637125
      type: 0
    - note: 165.761825
      type: 0
    - note: 166.76232499999998
      type: 0
    - note: 167.26184999999998
      type: 0
    - note: 167.387275
      type: 0
    - note: 167.636675
      type: 0
    - note: 167.69902499999998
      type: 0
    - note: 168.012225
      type: 0
    - note: 168.26162499999998
      type: 0
    - note: 168.51175
      type: 0
    - note: 168.761875
      type: 0
    - note: 169.51225
      type: 0
    - note: 169.63694999999998
      type: 0
    - note: 170.01177499999997
      type: 0
    - note: 170.76215
      type: 0
    - note: 171.761925
      type: 0
    - note: 171.88662499999998
      type: 0
    - note: 172.01205
      type: 0
    - note: 172.26217499999998
      type: 0
    - note: 172.51229999999998
      type: 0
    - note: 173.26194999999998
      type: 0
    - note: 173.76219999999998
      type: 0
    - note: 174.01232499999998
      type: 0
    - note: 174.51184999999998
      type: 0
    - note: 174.637275
      type: 0
    - note: 176.011875
      type: 0
    - note: 176.262
      type: 0
    - note: 176.512125
      type: 0
    - note: 177.26177499999997
      type: 0
    - note: 177.38719999999998
      type: 0
    - note: 178.01215
      type: 0
    - note: 178.262275
      type: 0
    - note: 178.38697499999998
      type: 0
    - note: 178.7618
      type: 0
    - note: 179.38675
      type: 0
    - note: 179.51217499999998
      type: 0
    - note: 179.636875
      type: 0
    - note: 180.0117
      type: 0
    - note: 180.76207499999998
      type: 0
    - note: 181.26232499999998
      type: 0
    - note: 181.76184999999998
      type: 0
    - note: 182.3868
      type: 0
    - note: 182.512225
      type: 0
    - note: 182.76162499999998
      type: 0
    - note: 183.01175
      type: 0
    - note: 183.38729999999998
      type: 0
    - note: 183.762125
      type: 0
    - note: 183.886825
      type: 0
    - note: 184.38707499999998
      type: 0
    - note: 185.012025
      type: 0
    - note: 185.38684999999998
      type: 0
    - note: 185.512275
      type: 0
    - note: 186.261925
      type: 0
    - note: 186.76217499999998
      type: 0
    - note: 187.511825
      type: 0
    - note: 187.63725
      type: 0
    - note: 187.76195
      type: 0
    - note: 188.01207499999998
      type: 0
    - note: 188.2622
      type: 0
    - note: 188.3869
      type: 0
    - note: 188.51232499999998
      type: 0
    - note: 188.76172499999998
      type: 0
    - note: 189.76222499999997
      type: 0
    - note: 190.26175
      type: 0
    - note: 190.38717499999998
      type: 0
    - note: 190.69965
      type: 0
    - note: 190.762
      type: 0
    - note: 190.88669999999996
      type: 0
    - note: 191.01212499999997
      type: 0
    - note: 191.761775
      type: 0
    - note: 192.51215
      type: 0
    - note: 193.76204999999996
      type: 0
    - note: 194.01217499999998
      type: 0
    - note: 194.26229999999998
      type: 0
    - note: 195.26207499999998
      type: 0
    - note: 195.5122
      type: 0
    - note: 195.63689999999997
      type: 0
    - note: 195.887025
      type: 0
    - note: 196.01172499999998
      type: 0
    - note: 196.636675
      type: 0
    - note: 196.88679999999997
      type: 0
    - note: 197.51174999999998
      type: 0
    - note: 197.88729999999998
      type: 0
    - note: 198.012
      type: 0
    - note: 198.63695
      type: 0
    - note: 198.76164999999997
      type: 0
    - note: 198.88707499999998
      type: 0
    - note: 199.38732499999998
      type: 0
    - note: 200.012275
      type: 0
    - note: 200.261675
      type: 0
    - note: 200.63722499999997
      type: 0
    - note: 200.761925
      type: 0
    - note: 200.88662499999998
      type: 0
    - note: 201.01204999999996
      type: 0
    - note: 201.26217499999998
      type: 0
    - note: 201.637
      type: 0
    - note: 201.76169999999996
      type: 0
    - note: 202.011825
      type: 0
    - note: 202.26195
      type: 0
    - note: 202.51207499999998
      type: 0
    - note: 202.636775
      type: 0
    - note: 202.88689999999997
      type: 0
    - note: 203.26172499999998
      type: 0
    - note: 203.51185
      type: 0
    - note: 203.886675
      type: 0
    - note: 204.0121
      type: 0
    - note: 204.26222499999997
      type: 0
    - note: 204.51162499999998
      type: 0
    - note: 205.01187499999997
      type: 0
    - note: 205.262
      type: 0
    - note: 205.76225
      type: 0
    - note: 206.01164999999997
      type: 0
    - note: 206.3872
      type: 0
    - note: 206.44954999999996
      type: 0
    - note: 207.01215
      type: 0
    - note: 208.51217499999998
      type: 0
    - note: 208.63687499999997
      type: 0
    - note: 208.887
      type: 0
    - note: 209.01169999999996
      type: 0
    - note: 209.261825
      type: 0
    - note: 209.51195
      type: 0
    - note: 210.387025
      type: 0
    - note: 210.51172499999998
      type: 0
    - note: 210.887275
      type: 0
    - note: 211.51222499999997
      type: 0
    - note: 211.636925
      type: 0
    - note: 211.76162499999998
      type: 0
    - note: 212.01174999999998
      type: 0
    - note: 212.26187499999997
      type: 0
    - note: 212.63669999999996
      type: 0
    - note: 212.76212499999997
      type: 0
    - note: 213.6372
      type: 0
    - note: 214.38685
      type: 0
    - note: 214.512275
      type: 0
    - note: 215.01179999999997
      type: 0
    - note: 215.38662499999998
      type: 0
    - note: 215.76217499999998
      type: 0
    - note: 216.511825
      type: 0
    - note: 216.76195
      type: 0
    - note: 216.88664999999997
      type: 0
    - note: 217.01207499999998
      type: 0
    - note: 217.88715
      type: 0
    - note: 218.886925
      type: 0
    - note: 219.01162499999998
      type: 0
    - note: 219.51187499999997
      type: 0
    - note: 219.88669999999996
      type: 0
    - note: 220.01212499999997
      type: 0
    - note: 221.38672499999998
      type: 0
    - note: 221.51215
      type: 0
    - note: 221.762275
      type: 0
    - note: 222.38722499999997
      type: 0
    - note: 222.511925
      type: 0
    - note: 222.76204999999996
      type: 0
    - note: 222.88674999999998
      type: 0
    - note: 223.01217499999998
      type: 0
    - note: 223.761825
      type: 0
    - note: 224.386775
      type: 0
    - note: 225.7621
      type: 0
    - note: 225.88679999999997
      type: 0
    - note: 226.38704999999996
      type: 0
    - note: 226.76187499999997
      type: 0
    - note: 227.386825
      type: 0
    - note: 227.51225
      type: 0
    - note: 228.011775
      type: 0
    - note: 228.38732499999998
      type: 0
    - note: 228.76215
      type: 0
    - note: 229.13697499999998
      type: 0
    - note: 229.88662499999998
      type: 0
    - note: 230.38687499999997
      type: 0
    - note: 230.51229999999998
      type: 0
    - note: 231.26195
      type: 0
    - note: 231.38664999999997
      type: 0
    - note: 231.636775
      type: 0
    - note: 231.7622
      type: 0
    - note: 232.38715
      type: 0
    - note: 232.76197499999998
      type: 0
    - note: 233.13679999999997
      type: 0
    - note: 233.26222499999997
      type: 0
    - note: 234.01187499999997
      type: 0
    - note: 234.38669999999996
      type: 0
    - note: 235.51189999999997
      type: 0
    - note: 235.762025
      type: 0
    - note: 236.38697499999998
      type: 0
    - note: 237.26204999999996
      type: 0
    - note: 237.51217499999998
      type: 0
    - note: 237.76229999999998
      type: 0
    - note: 238.38725
      type: 0
    - note: 238.51195
      type: 0
    - note: 239.0122
      type: 0
    - note: 239.887275
      type: 0
    - note: 240.01197499999998
      type: 0
